# JRE version: Java(TM) SE Runtime Environment (8.0_65-b17) (build 1.8.0_65-b17)
# Java VM: Java HotSpot(TM) 64-Bit Server VM (25.65-b01 mixed mode windows-amd64 compressed oops)
Heap:
 PSYoungGen      total 249856K, used 22140K [0x00000000d6e00000, 0x00000000ea080000, 0x0000000100000000)
  eden space 226816K, 9% used [0x00000000d6e00000,0x00000000d839f0f0,0x00000000e4b80000)
  from space 23040K, 0% used [0x00000000e4b80000,0x00000000e4b80000,0x00000000e6200000)
  to   space 24064K, 0% used [0x00000000e8900000,0x00000000e8900000,0x00000000ea080000)
 ParOldGen       total 197120K, used 35750K [0x0000000084a00000, 0x0000000090a80000, 0x00000000d6e00000)
  object space 197120K, 18% used [0x0000000084a00000,0x0000000086ce9ae0,0x0000000090a80000)
 Metaspace       used 94480K, capacity 96644K, committed 99624K, reserved 1134592K
  class space    used 11889K, capacity 13218K, committed 15152K, reserved 1048576K
GC Heap History (10 events):
Event: 17.519 GC heap before
{Heap before GC invocations=13 (full 3):
 PSYoungGen      total 193536K, used 182828K [0x00000000d6e00000, 0x00000000e5580000, 0x0000000100000000)
  eden space 176640K, 100% used [0x00000000d6e00000,0x00000000e1a80000,0x00000000e1a80000)
  from space 16896K, 36% used [0x00000000e1a80000,0x00000000e208b260,0x00000000e2b00000)
  to   space 16896K, 0% used [0x00000000e4500000,0x00000000e4500000,0x00000000e5580000)
 ParOldGen       total 139776K, used 24081K [0x0000000084a00000, 0x000000008d280000, 0x00000000d6e00000)
  object space 139776K, 17% used [0x0000000084a00000,0x0000000086184460,0x000000008d280000)
 Metaspace       used 74092K, capacity 77192K, committed 77352K, reserved 1114112K
  class space    used 9405K, capacity 11970K, committed 12080K, reserved 1048576K
Event: 17.533 GC heap after
Heap after GC invocations=13 (full 3):
 PSYoungGen      total 216576K, used 16880K [0x00000000d6e00000, 0x00000000e5700000, 0x0000000100000000)
  eden space 199680K, 0% used [0x00000000d6e00000,0x00000000d6e00000,0x00000000e3100000)
  from space 16896K, 99% used [0x00000000e4500000,0x00000000e557c148,0x00000000e5580000)
  to   space 19456K, 0% used [0x00000000e3100000,0x00000000e3100000,0x00000000e4400000)
 ParOldGen       total 139776K, used 24870K [0x0000000084a00000, 0x000000008d280000, 0x00000000d6e00000)
  object space 139776K, 17% used [0x0000000084a00000,0x0000000086249990,0x000000008d280000)
 Metaspace       used 74092K, capacity 77192K, committed 77352K, reserved 1114112K
  class space    used 9405K, capacity 11970K, committed 12080K, reserved 1048576K
}
Event: 19.139 GC heap before
{Heap before GC invocations=14 (full 3):
 PSYoungGen      total 216576K, used 216560K [0x00000000d6e00000, 0x00000000e5700000, 0x0000000100000000)
  eden space 199680K, 100% used [0x00000000d6e00000,0x00000000e3100000,0x00000000e3100000)
  from space 16896K, 99% used [0x00000000e4500000,0x00000000e557c148,0x00000000e5580000)
  to   space 19456K, 0% used [0x00000000e3100000,0x00000000e3100000,0x00000000e4400000)
 ParOldGen       total 139776K, used 24870K [0x0000000084a00000, 0x000000008d280000, 0x00000000d6e00000)
  object space 139776K, 17% used [0x0000000084a00000,0x0000000086249990,0x000000008d280000)
 Metaspace       used 83188K, capacity 86368K, committed 86696K, reserved 1122304K
  class space    used 10485K, capacity 13137K, committed 13232K, reserved 1048576K
Event: 19.153 GC heap after
Heap after GC invocations=14 (full 3):
 PSYoungGen      total 219136K, used 17631K [0x00000000d6e00000, 0x00000000e7700000, 0x0000000100000000)
  eden space 199680K, 0% used [0x00000000d6e00000,0x00000000d6e00000,0x00000000e3100000)
  from space 19456K, 90% used [0x00000000e3100000,0x00000000e4237e88,0x00000000e4400000)
  to   space 21504K, 0% used [0x00000000e6200000,0x00000000e6200000,0x00000000e7700000)
 ParOldGen       total 139776K, used 24878K [0x0000000084a00000, 0x000000008d280000, 0x00000000d6e00000)
  object space 139776K, 17% used [0x0000000084a00000,0x000000008624b990,0x000000008d280000)
 Metaspace       used 83188K, capacity 86368K, committed 86696K, reserved 1122304K
  class space    used 10485K, capacity 13137K, committed 13232K, reserved 1048576K
}
Event: 21.289 GC heap before
{Heap before GC invocations=15 (full 3):
 PSYoungGen      total 219136K, used 217311K [0x00000000d6e00000, 0x00000000e7700000, 0x0000000100000000)
  eden space 199680K, 100% used [0x00000000d6e00000,0x00000000e3100000,0x00000000e3100000)
  from space 19456K, 90% used [0x00000000e3100000,0x00000000e4237e88,0x00000000e4400000)
  to   space 21504K, 0% used [0x00000000e6200000,0x00000000e6200000,0x00000000e7700000)
 ParOldGen       total 139776K, used 24878K [0x0000000084a00000, 0x000000008d280000, 0x00000000d6e00000)
  object space 139776K, 17% used [0x0000000084a00000,0x000000008624b990,0x000000008d280000)
 Metaspace       used 89057K, capacity 93064K, committed 93352K, reserved 1128448K
  class space    used 11078K, capacity 14160K, committed 14256K, reserved 1048576K
Event: 21.306 GC heap after
Heap after GC invocations=15 (full 3):
 PSYoungGen      total 248320K, used 17200K [0x00000000d6e00000, 0x00000000e7a00000, 0x0000000100000000)
  eden space 226816K, 0% used [0x00000000d6e00000,0x00000000d6e00000,0x00000000e4b80000)
  from space 21504K, 79% used [0x00000000e6200000,0x00000000e72cc290,0x00000000e7700000)
  to   space 23040K, 0% used [0x00000000e4b80000,0x00000000e4b80000,0x00000000e6200000)
 ParOldGen       total 139776K, used 24886K [0x0000000084a00000, 0x000000008d280000, 0x00000000d6e00000)
  object space 139776K, 17% used [0x0000000084a00000,0x000000008624d990,0x000000008d280000)
 Metaspace       used 89057K, capacity 93064K, committed 93352K, reserved 1128448K
  class space    used 11078K, capacity 14160K, committed 14256K, reserved 1048576K
}
Event: 22.625 GC heap before
{Heap before GC invocations=16 (full 3):
 PSYoungGen      total 248320K, used 107877K [0x00000000d6e00000, 0x00000000e7a00000, 0x0000000100000000)
  eden space 226816K, 39% used [0x00000000d6e00000,0x00000000dc68d188,0x00000000e4b80000)
  from space 21504K, 79% used [0x00000000e6200000,0x00000000e72cc290,0x00000000e7700000)
  to   space 23040K, 0% used [0x00000000e4b80000,0x00000000e4b80000,0x00000000e6200000)
 ParOldGen       total 139776K, used 24886K [0x0000000084a00000, 0x000000008d280000, 0x00000000d6e00000)
  object space 139776K, 17% used [0x0000000084a00000,0x000000008624d990,0x000000008d280000)
 Metaspace       used 94443K, capacity 98428K, committed 98600K, reserved 1132544K
  class space    used 11960K, capacity 15066K, committed 15152K, reserved 1048576K
Event: 22.645 GC heap after
Heap after GC invocations=16 (full 3):
 PSYoungGen      total 249856K, used 17647K [0x00000000d6e00000, 0x00000000ea080000, 0x0000000100000000)
  eden space 226816K, 0% used [0x00000000d6e00000,0x00000000d6e00000,0x00000000e4b80000)
  from space 23040K, 76% used [0x00000000e4b80000,0x00000000e5cbbef8,0x00000000e6200000)
  to   space 24064K, 0% used [0x00000000e8900000,0x00000000e8900000,0x00000000ea080000)
 ParOldGen       total 139776K, used 24894K [0x0000000084a00000, 0x000000008d280000, 0x00000000d6e00000)
  object space 139776K, 17% used [0x0000000084a00000,0x000000008624f990,0x000000008d280000)
 Metaspace       used 94443K, capacity 98428K, committed 98600K, reserved 1132544K
  class space    used 11960K, capacity 15066K, committed 15152K, reserved 1048576K
}
Event: 22.645 GC heap before
{Heap before GC invocations=17 (full 4):
 PSYoungGen      total 249856K, used 17647K [0x00000000d6e00000, 0x00000000ea080000, 0x0000000100000000)
  eden space 226816K, 0% used [0x00000000d6e00000,0x00000000d6e00000,0x00000000e4b80000)
  from space 23040K, 76% used [0x00000000e4b80000,0x00000000e5cbbef8,0x00000000e6200000)
  to   space 24064K, 0% used [0x00000000e8900000,0x00000000e8900000,0x00000000ea080000)
 ParOldGen       total 139776K, used 24894K [0x0000000084a00000, 0x000000008d280000, 0x00000000d6e00000)
  object space 139776K, 17% used [0x0000000084a00000,0x000000008624f990,0x000000008d280000)
 Metaspace       used 94443K, capacity 98428K, committed 98600K, reserved 1132544K
  class space    used 11960K, capacity 15066K, committed 15152K, reserved 1048576K
Event: 22.774 GC heap after
Heap after GC invocations=17 (full 4):
 PSYoungGen      total 249856K, used 0K [0x00000000d6e00000, 0x00000000ea080000, 0x0000000100000000)
  eden space 226816K, 0% used [0x00000000d6e00000,0x00000000d6e00000,0x00000000e4b80000)
  from space 23040K, 0% used [0x00000000e4b80000,0x00000000e4b80000,0x00000000e6200000)
  to   space 24064K, 0% used [0x00000000e8900000,0x00000000e8900000,0x00000000ea080000)
 ParOldGen       total 197120K, used 35750K [0x0000000084a00000, 0x0000000090a80000, 0x00000000d6e00000)
  object space 197120K, 18% used [0x0000000084a00000,0x0000000086ce9ae0,0x0000000090a80000)
 Metaspace       used 93355K, capacity 95492K, committed 98600K, reserved 1132544K
  class space    used 11717K, capacity 13026K, committed 15152K, reserved 1048576K
}

